C51 COMPILER V9.54   NTC                                                                   09/16/2020 22:51:15 PAGE 1   


C51 COMPILER V9.54, COMPILATION OF MODULE NTC
OBJECT MODULE PLACED IN NTC.obj
COMPILER INVOKED BY: D:\keil\C51\BIN\C51.EXE c\NTC.c LARGE OPTIMIZE(8,SPEED) BROWSE DEBUG OBJECTEXTEND PRINT(.\NTC.lst) 
                    -OBJECT(NTC.obj)

line level    source

   1          #include "H/NTC.h"
   2          #include "H/alg.h"
   3          
   4          
   5          unsigned short NtcAdc[TEMP_TOTAL]=
   6          {
   7                  NTC_ADC(551.100),
   8                  NTC_ADC(522.117),
   9                  NTC_ADC(494.824),
  10                  NTC_ADC(469.113),
  11                  NTC_ADC(444.886),
  12                  NTC_ADC(422.050),
  13                  NTC_ADC(400.518),
  14                  NTC_ADC(380.209),
  15                  NTC_ADC(361.048),
  16                  NTC_ADC(342.963),
  17                  NTC_ADC(326.560),
  18                  NTC_ADC(309.764),
  19                  NTC_ADC(294.529),
  20                  NTC_ADC(280.131),
  21                  NTC_ADC(266.520),
  22                  NTC_ADC(253.647),
  23                  NTC_ADC(241.470),
  24                  NTC_ADC(229.946),
  25                  NTC_ADC(219.036),
  26                  NTC_ADC(208.706),
  27                  NTC_ADC(198.920),
  28                  NTC_ADC(189.647),
  29                  NTC_ADC(180.857),
  30                  NTC_ADC(172.523),
  31                  NTC_ADC(164.618),
  32                  NTC_ADC(157.118),
  33                  NTC_ADC(150.000),
  34                  NTC_ADC(143.243),
  35                  NTC_ADC(136.827),
  36                  NTC_ADC(130.731),
  37                  NTC_ADC(124.940),
  38                  NTC_ADC(119.435),
  39                  NTC_ADC(114.202),
  40                  NTC_ADC(109.225),
  41                  NTC_ADC(104.491),
  42                  NTC_ADC(100.000),
  43                  NTC_ADC(95.699),
  44                  NTC_ADC(91.617),
  45                  NTC_ADC(87.731),
  46                  NTC_ADC(84.028),
  47                  NTC_ADC(80.501),
  48                  NTC_ADC(77.140),
  49                  NTC_ADC(73.936),
  50                  NTC_ADC(70.881),
  51                  NTC_ADC(67.968),
  52                  NTC_ADC(96.188),
  53                  NTC_ADC(92.537),
  54                  NTC_ADC(60.006),
C51 COMPILER V9.54   NTC                                                                   09/16/2020 22:51:15 PAGE 2   

  55                  NTC_ADC(57.590),
  56                  NTC_ADC(55.283),
  57                  NTC_ADC(53.080),
  58                  NTC_ADC(50.976),
  59                  NTC_ADC(48.965),
  60                  NTC_ADC(47.044),
  61                  NTC_ADC(45.207),
  62                  NTC_ADC(43.451),
  63                  NTC_ADC(41.771),
  64                  NTC_ADC(40.165),
  65                  NTC_ADC(38.628),
  66                  NTC_ADC(37.157),
  67                  NTC_ADC(35.750),
  68          };
  69          
  70          short xGetTempCbyNtc(unsigned short adc)
  71          {
  72   1              unsigned char i;
  73   1          float tp;
  74   1          //adc+=70;
  75   1              #if NTC_UP
                  for (i=0; i<TEMP_TOTAL; i++)
                  {
                      if (adc<NtcAdc[i])
                      {
                          break;
                      }
                  }
                  if (i==0)
                  {
                      tp=TEMP_L_LIMIT;
                  }
                  else if (i>=TEMP_TOTAL)
                  {
                      tp=TEMP_H_LIMIT;
                  }
                  else
                  {
              //        tp=(adc-NtcAdc[i-1])*10.0f/(NtcAdc[i]-NtcAdc[i-1])+(i-40-1)*10.0f;
                  }
                      #else
  96   1          for (i=0; i<TEMP_TOTAL; i++)
  97   1          {
  98   2              if (adc>NtcAdc[i])
  99   2              {
 100   3                  break;
 101   3              }
 102   2          }
 103   1          if (i==0)
 104   1          {
 105   2              tp=TEMP_L_LIMIT;
 106   2          }
 107   1          else if (i>=TEMP_TOTAL)
 108   1          {
 109   2              tp=TEMP_H_LIMIT;
 110   2          }
 111   1          else
 112   1          {
 113   2      //        tp=(NtcAdc[i-1]-adc)*10.0f/(NtcAdc[i-1]-NtcAdc[i])+(i-40-1)*10.0f;
 114   2                      tp = (i + TEMP_L_LIMIT)*10.0f;
 115   2          }
 116   1              #endif
C51 COMPILER V9.54   NTC                                                                   09/16/2020 22:51:15 PAGE 3   

 117   1              Alg_Start(tp);
 118   1              tp = Alg_Process(tp);
 119   1          return (short)tp;
 120   1      }
 121          
 122          


MODULE INFORMATION:   STATIC OVERLAYABLE
   CODE SIZE        =    148    ----
   CONSTANT SIZE    =   ----    ----
   XDATA SIZE       =    122       4
   PDATA SIZE       =   ----    ----
   DATA SIZE        =   ----    ----
   IDATA SIZE       =   ----    ----
   BIT SIZE         =   ----    ----
END OF MODULE INFORMATION.


C51 COMPILATION COMPLETE.  0 WARNING(S),  0 ERROR(S)
